IFSP ID: 1353671, IFSP: DOC-DDDND-N8R2Q2M8NMULQ
IFSP ID: 1353671, ISP: DOC-DDDND-N8R2Q2PTRMULR
IFSP ID: 1350419, IFSP: DOC-DDDND-N8R4KEAQZMUL
IFSP ID: 1350419, ISP: DOC-DDDND-N8R4KETH3MULF
IFSP ID: 1350821, IFSP: DOC-DDDND-N8R4KF5N3MULM
IFSP ID: 1350821, ISP: DOC-DDDND-N8R4KFCJFMULA
IFSP ID: 1350681, IFSP: DOC-DDDND-N8R4KFGRAMULH
IFSP ID: 1350681, ISP: DOC-DDDND-N8R4KFKHDMULY
IFSP ID: 1350307, IFSP: DOC-DDDND-N8R4KFTWHMULT
IFSP ID: 1350307, ISP: DOC-DDDND-N8R4KG2NZMULN
IFSP ID: 1350345, IFSP: DOC-DDDND-N8R4KG6AYMULH
IFSP ID: 1350345, ISP: DOC-DDDND-N8R4KGEJAMULZ
IFSP ID: 1350395, IFSP: DOC-DDDND-N8R4KGJJMMULQ
IFSP ID: 1350395, ISP: DOC-DDDND-N8R4KGS6FMULQ
IFSP ID: 1351769, IFSP: DOC-DDDND-N8R4KGW5CMULH
IFSP ID: 1351769, ISP: DOC-DDDND-N8R4KGYXGMULK
IFSP ID: 1350923, IFSP: DOC-DDDND-N8R4KH4X8MULP
IFSP ID: 1350923, ISP: DOC-DDDND-N8R4KHCQ9MULG
IFSP ID: 1351043, IFSP: DOC-DDDND-N8R4KHGFQMULV
IFSP ID: 1351043, ISP: DOC-DDDND-N8R4KHQUVMULQ
IFSP ID: 1351075, IFSP: DOC-DDDND-N8R4KHUSFMUL4
IFSP ID: 1351075, ISP: DOC-DDDND-N8R4KJ4LHMULC
IFSP ID: 1351301, IFSP: DOC-DDDND-N8R4KJ8K4MULT
IFSP ID: 1351301, ISP: DOC-DDDND-N8R4KJB8HMUL5
IFSP ID: 1352255, IFSP: DOC-DDDND-N8R4KJF4GMULG
IFSP ID: 1352255, ISP: DOC-DDDND-N8R4KJNE8MULY
IFSP ID: 1352311, IFSP: DOC-DDDND-N8R4KJS4EMULH
IFSP ID: 1352311, ISP: DOC-DDDND-N8R4KK2DXMULC
IFSP ID: 1352355, IFSP: DOC-DDDND-N8R4KKBJVMULH
IFSP ID: 1352355, ISP: DOC-DDDND-N8R4KKKKBMULL
IFSP ID: 1352357, IFSP: DOC-DDDND-N8R4KKNY8MULE
IFSP ID: 1352357, ISP: DOC-DDDND-N8R4KKWGLMULJ
IFSP ID: 1352415, IFSP: DOC-DDDND-N8R4KL75KMUL8
IFSP ID: 1352415, ISP: DOC-DDDND-N8R4KLFSZMULF
IFSP ID: 1352477, IFSP: DOC-DDDND-N8R4KLK9QMULH
IFSP ID: 1352477, ISP: DOC-DDDND-N8R4KLMU7MULU
IFSP ID: 1352547, IFSP: DOC-DDDND-N8R4KLRQHMULH
IFSP ID: 1352547, ISP: DOC-DDDND-N8R4KLU5YMULF
IFSP ID: 1352549, IFSP: DOC-DDDND-N8R4KM4GSMULZ
IFSP ID: 1352549, ISP: DOC-DDDND-N8R4KMC43MULG
IFSP ID: 1352627, IFSP: DOC-DDDND-N8R4KMFV8MUL
IFSP ID: 1352627, ISP: DOC-DDDND-N8R4KMNELMUL7
IFSP ID: 1352643, IFSP: DOC-DDDND-N8R4KMRVUMULC
IFSP ID: 1352643, ISP: DOC-DDDND-N8R4KMUALMULG
IFSP ID: 1352691, IFSP: DOC-DDDND-N8R4KMXKJMULT
IFSP ID: 1352691, ISP: DOC-DDDND-N8R4KN7XRMULT
IFSP ID: 1351861, IFSP: DOC-DDDND-N8R4KNBQ8MUL4
IFSP ID: 1351861, ISP: DOC-DDDND-N8R4KNKMRMULE
IFSP ID: 1351897, IFSP: DOC-DDDND-N8R4KNPEUMULC
IFSP ID: 1351897, ISP: DOC-DDDND-N8R4KNRSRMULP
IFSP ID: 1351899, IFSP: DOC-DDDND-N8R4KNUSDMULN
IFSP ID: 1351899, ISP: DOC-DDDND-N8R4KP4AWMULF
IFSP ID: 1351963, IFSP: DOC-DDDND-N8R4KP7XFMULB
IFSP ID: 1351963, ISP: DOC-DDDND-N8R4KPAGLMULE
IFSP ID: 1351977, IFSP: DOC-DDDND-N8R4KPJWNMULP
IFSP ID: 1351977, ISP: DOC-DDDND-N8R4KPRJUMULN
IFSP ID: 1351995, IFSP: DOC-DDDND-N8R4KPVBJMULP
IFSP ID: 1351995, ISP: DOC-DDDND-N8R4KQ5JYMULW
IFSP ID: 1351997, IFSP: DOC-DDDND-N8R4KQ98JMULB
IFSP ID: 1351997, ISP: DOC-DDDND-N8R4KQG9PMULA
IFSP ID: 1352043, IFSP: DOC-DDDND-N8R4KQKS9MUL6
IFSP ID: 1352043, ISP: DOC-DDDND-N8R4KQS6CMULH
IFSP ID: 1352067, IFSP: DOC-DDDND-N8R4KQVLJMUL5
IFSP ID: 1352067, ISP: DOC-DDDND-N8R4KR5L7MULZ
IFSP ID: 1352069, IFSP: DOC-DDDND-N8R4KR8WXMULQ
IFSP ID: 1352069, ISP: DOC-DDDND-N8R4KRG3YMULH
IFSP ID: 1352085, IFSP: DOC-DDDND-N8R4KRR3YMULN
IFSP ID: 1352085, ISP: DOC-DDDND-N8R4KRTKSMULW
IFSP ID: 1352095, IFSP: DOC-DDDND-N8R4KRX5RMULR
IFSP ID: 1352095, ISP: DOC-DDDND-N8R4KS692MUL9
IFSP ID: 1352165, IFSP: DOC-DDDND-N8R4KSEL8MUL7
IFSP ID: 1352165, ISP: DOC-DDDND-N8R4KSNAYMULQ
IFSP ID: 1352167, IFSP: DOC-DDDND-N8R4KSX4DMUL9
IFSP ID: 1352167, ISP: DOC-DDDND-N8R4KSZW2MULC
IFSP ID: 1352183, IFSP: DOC-DDDND-N8R4KT5V8MULE
IFSP ID: 1352183, ISP: DOC-DDDND-N8R4KT8K9MULU
IFSP ID: 1353587, IFSP: DOC-DDDND-N8R4KTHB5MULF
IFSP ID: 1353587, ISP: DOC-DDDND-N8R4KTKN8MULF
IFSP ID: 1353589, IFSP: DOC-DDDND-N8R4KTUUAMULP
IFSP ID: 1353589, ISP: DOC-DDDND-N8R4KU4N4MUL9
IFSP ID: 1353665, IFSP: DOC-DDDND-N8R4KUCWQMUL7
IFSP ID: 1353665, ISP: DOC-DDDND-N8R4KUFRXMULT
IFSP ID: 1353671, IFSP: DOC-DDDND-N8R4KUK64MUL9
IFSP ID: 1353671, ISP: DOC-DDDND-N8R4KUTJ5MULH
IFSP ID: 1352709, IFSP: DOC-DDDND-N8R4KUX7EMUL6
IFSP ID: 1352709, ISP: DOC-DDDND-N8R4KUZU9MULX
IFSP ID: 1352763, IFSP: DOC-DDDND-N8R4KV5H6MUL8
IFSP ID: 1352763, ISP: DOC-DDDND-N8R4KV85MMUL5
IFSP ID: 1352781, IFSP: DOC-DDDND-N8R4KVH48MULE
IFSP ID: 1352781, ISP: DOC-DDDND-N8R4KVQRZMULG
IFSP ID: 1352819, IFSP: DOC-DDDND-N8R4KVUBFMULQ
IFSP ID: 1352819, ISP: DOC-DDDND-N8R4KVWNXMUL8
IFSP ID: 1352945, IFSP: DOC-DDDND-N8R4KW2GAMULV
IFSP ID: 1352945, ISP: DOC-DDDND-N8R4KWAGLMULG
IFSP ID: 1352963, IFSP: DOC-DDDND-N8R4KWEAJMULA
IFSP ID: 1352963, ISP: DOC-DDDND-N8R4KWGUTMULJ
IFSP ID: 1352965, IFSP: DOC-DDDND-N8R4KWRMGMULS
IFSP ID: 1352965, ISP: DOC-DDDND-N8R4KWU7WMUL7
IFSP ID: 1353093, IFSP: DOC-DDDND-N8R4KX4P6MULM
IFSP ID: 1353093, ISP: DOC-DDDND-N8R4KXC5NMULE
IFSP ID: 1353095, IFSP: DOC-DDDND-N8R4KXFWSMULY
IFSP ID: 1353095, ISP: DOC-DDDND-N8R4KXJ87MULP
IFSP ID: 1353135, IFSP: DOC-DDDND-N8R4KXSRSMULK
IFSP ID: 1353135, ISP: DOC-DDDND-N8R4KXV7RMULF
IFSP ID: 1353165, IFSP: DOC-DDDND-N8R4KXYQ2MUL3
IFSP ID: 1353165, ISP: DOC-DDDND-N8R4KY3GXMULF
IFSP ID: 1353169, IFSP: DOC-DDDND-N8R4KYCJ6MULT
IFSP ID: 1353169, ISP: DOC-DDDND-N8R4KYL8HMULD
IFSP ID: 1353273, IFSP: DOC-DDDND-N8R4KYPZ4MULU
IFSP ID: 1353273, ISP: DOC-DDDND-N8R4KYWHQMULT
IFSP ID: 1353343, IFSP: DOC-DDDND-N8R4KZ6U7MULG
IFSP ID: 1353343, ISP: DOC-DDDND-N8R4KZ9GLMULB
IFSP ID: 1353433, IFSP: DOC-DDDND-N8R4KZJV5MULZ
IFSP ID: 1353433, ISP: DOC-DDDND-N8R4KZMG8MULH
IFSP ID: 1353489, IFSP: DOC-DDDND-N8R4KZQVTMUL
IFSP ID: 1353489, ISP: DOC-DDDND-N8R4KZYGQMULP
IFSP ID: 1354087, IFSP: DOC-DDDND-N8R4L23WXMULU
IFSP ID: 1354087, ISP: DOC-DDDND-N8R4L2AJQMULW
IFSP ID: 1354247, IFSP: DOC-DDDND-N8R4L2JNJMULE
IFSP ID: 1354247, ISP: DOC-DDDND-N8R4L2M6GMULQ
IFSP ID: 1354289, IFSP: DOC-DDDND-N8R4L2V6RMULS
IFSP ID: 1354289, ISP: DOC-DDDND-N8R4L2XTRMUL8
IFSP ID: 1354291, IFSP: DOC-DDDND-N8R4L3885MULR
IFSP ID: 1354291, ISP: DOC-DDDND-N8R4L3G8CMUL8
IFSP ID: 1354293, IFSP: DOC-DDDND-N8R4L3KNGMULQ
IFSP ID: 1354293, ISP: DOC-DDDND-N8R4L3TKJMUL
IFSP ID: 1354421, IFSP: DOC-DDDND-N8R4L3XFQMUL5
IFSP ID: 1354421, ISP: DOC-DDDND-N8R4L47RDMULG
IFSP ID: 1354517, IFSP: DOC-DDDND-N8R4L4BCZMULJ
IFSP ID: 1354517, ISP: DOC-DDDND-N8R4L4DW5MULJ
IFSP ID: 1354519, IFSP: DOC-DDDND-N8R4L4HFNMULG
IFSP ID: 1354519, ISP: DOC-DDDND-N8R4L4L48MULV
IFSP ID: 1353689, IFSP: DOC-DDDND-N8R4L4UMLMULZ
IFSP ID: 1353689, ISP: DOC-DDDND-N8R4L4WWMMULG
IFSP ID: 1353735, IFSP: DOC-DDDND-N8R4L52DCMUL
IFSP ID: 1353735, ISP: DOC-DDDND-N8R4L5AHGMULW
IFSP ID: 1353759, IFSP: DOC-DDDND-N8R4L5JL5MULA
IFSP ID: 1353759, ISP: DOC-DDDND-N8R4L5MAGMUL
IFSP ID: 1353767, IFSP: DOC-DDDND-N8R4L5QUVMULV
IFSP ID: 1353767, ISP: DOC-DDDND-N8R4L5TAVMULA
IFSP ID: 1353791, IFSP: DOC-DDDND-N8R4L637VMUL
IFSP ID: 1353791, ISP: DOC-DDDND-N8R4L65KUMULX
IFSP ID: 1353831, IFSP: DOC-DDDND-N8R4L694CMUL9
IFSP ID: 1353831, ISP: DOC-DDDND-N8R4L6BKJMULW
IFSP ID: 1353951, IFSP: DOC-DDDND-N8R4L6F9MMULV
IFSP ID: 1353951, ISP: DOC-DDDND-N8R4L6HVKMULR
IFSP ID: 1355387, IFSP: DOC-DDDND-N8R4L6M82MUL
IFSP ID: 1355387, ISP: DOC-DDDND-N8R4L6VL4MULT
IFSP ID: 1355403, IFSP: DOC-DDDND-N8R4L6Y6DMULH
IFSP ID: 1355403, ISP: DOC-DDDND-N8R4L78DMMUL
IFSP ID: 1355431, IFSP: DOC-DDDND-N8R4L7GCCMULY
IFSP ID: 1355431, ISP: DOC-DDDND-N8R4L7QJEMUL8
IFSP ID: 1355451, IFSP: DOC-DDDND-N8R4L7ZHQMULT
IFSP ID: 1355451, ISP: DOC-DDDND-N8R4L83UFMULW
IFSP ID: 1354601, IFSP: DOC-DDDND-N8R4L87C3MULE
IFSP ID: 1354601, ISP: DOC-DDDND-N8R4L8FK8MULT
IFSP ID: 1354615, IFSP: DOC-DDDND-N8R4L8K64MUL
IFSP ID: 1354615, ISP: DOC-DDDND-N8R4L8SNAMULG
IFSP ID: 1354665, IFSP: DOC-DDDND-N8R4L8W7QMULU
IFSP ID: 1354665, ISP: DOC-DDDND-N8R4L96AFMULR
IFSP ID: 1354669, IFSP: DOC-DDDND-N8R4L99RLMULU
IFSP ID: 1354669, ISP: DOC-DDDND-N8R4L9C52MUL6
IFSP ID: 1354683, IFSP: DOC-DDDND-N8R4L9FDJMULL
IFSP ID: 1354683, ISP: DOC-DDDND-N8R4L9HM8MUL7
IFSP ID: 1354685, IFSP: DOC-DDDND-N8R4L9LPBMUL6
IFSP ID: 1354685, ISP: DOC-DDDND-N8R4L9UACMULE
IFSP ID: 1354709, IFSP: DOC-DDDND-N8R4LA4WBMUL5
IFSP ID: 1354709, ISP: DOC-DDDND-N8R4LA7MZMULA
IFSP ID: 1354769, IFSP: DOC-DDDND-N8R4LABBUMULZ
IFSP ID: 1354769, ISP: DOC-DDDND-N8R4LAKMSMULN
IFSP ID: 1354891, IFSP: DOC-DDDND-N8R4LAPLCMULZ
IFSP ID: 1354891, ISP: DOC-DDDND-N8R4LAS49MULB
IFSP ID: 1355059, IFSP: DOC-DDDND-N8R4LB2QYMULU
IFSP ID: 1355059, ISP: DOC-DDDND-N8R4LB5CYMUL9
IFSP ID: 1355061, IFSP: DOC-DDDND-N8R4LBCNHMULZ
IFSP ID: 1355061, ISP: DOC-DDDND-N8R4LBFBUMULB
IFSP ID: 1355089, IFSP: DOC-DDDND-N8R4LBNY6MULT
IFSP ID: 1355089, ISP: DOC-DDDND-N8R4LBRG7MUL8
IFSP ID: 1355137, IFSP: DOC-DDDND-N8R4LBV2PMULN
IFSP ID: 1355137, ISP: DOC-DDDND-N8R4LC4H4MULS
IFSP ID: 1355195, IFSP: DOC-DDDND-N8R4LCDGEMULT
IFSP ID: 1355195, ISP: DOC-DDDND-N8R4LCFXYMULV
IFSP ID: 1355259, IFSP: DOC-DDDND-N8R4LCKB4MULA
IFSP ID: 1355259, ISP: DOC-DDDND-N8R4LCSBTMULB
IFSP ID: 1355277, IFSP: DOC-DDDND-N8R4LCVKGMULB
IFSP ID: 1355277, ISP: DOC-DDDND-N8R4LD5L2MULM
IFSP ID: 1355355, IFSP: DOC-DDDND-N8R4LD8QWMULG
IFSP ID: 1355355, ISP: DOC-DDDND-N8R4LDGGGMULQ
IFSP ID: 1355965, IFSP: DOC-DDDND-N8R4LDLAKMUL7
IFSP ID: 1355965, ISP: DOC-DDDND-N8R4LDUMKMULE
IFSP ID: 1356003, IFSP: DOC-DDDND-N8R4LE4UXMULK
IFSP ID: 1356003, ISP: DOC-DDDND-N8R4LE7DMMULM
IFSP ID: 1356143, IFSP: DOC-DDDND-N8R4LEEQ4MULU
IFSP ID: 1356143, ISP: DOC-DDDND-N8R4LEH8GMULM
IFSP ID: 1356205, IFSP: DOC-DDDND-N8R4LELKUMULX
IFSP ID: 1356205, ISP: DOC-DDDND-N8R4LEUPVMUL7
IFSP ID: 1356207, IFSP: DOC-DDDND-N8R4LF522MULZ
IFSP ID: 1356207, ISP: DOC-DDDND-N8R4LF7LCMULR
IFSP ID: 1356245, IFSP: DOC-DDDND-N8R4LFGPPMULV
IFSP ID: 1356245, ISP: DOC-DDDND-N8R4LFQ7WMULA
IFSP ID: 1356249, IFSP: DOC-DDDND-N8R4LFYWYMULL
IFSP ID: 1356249, ISP: DOC-DDDND-N8R4LG8NBMUL5
IFSP ID: 1356297, IFSP: DOC-DDDND-N8R4LGC4VMUL5
IFSP ID: 1356297, ISP: DOC-DDDND-N8R4LGJLPMULQ
IFSP ID: 1355523, IFSP: DOC-DDDND-N8R4LGN45MULG
IFSP ID: 1355523, ISP: DOC-DDDND-N8R4LGUFRMULX
IFSP ID: 1355525, IFSP: DOC-DDDND-N8R4LGXJ7MULQ
IFSP ID: 1355525, ISP: DOC-DDDND-N8R4LH24EMULU
IFSP ID: 1355527, IFSP: DOC-DDDND-N8R4LH5FPMULL
IFSP ID: 1355527, ISP: DOC-DDDND-N8R4LHDMKMUL7
IFSP ID: 1355665, IFSP: DOC-DDDND-N8R4LHGH9MUL9
IFSP ID: 1355665, ISP: DOC-DDDND-N8R4LHJZ8MUL5
IFSP ID: 1355695, IFSP: DOC-DDDND-N8R4LHNAVMULQ
IFSP ID: 1355695, ISP: DOC-DDDND-N8R4LHQKQMULG
IFSP ID: 1355701, IFSP: DOC-DDDND-N8R4LHYR2MULY
IFSP ID: 1355701, ISP: DOC-DDDND-N8R4LJ2Z6MULY
IFSP ID: 1355705, IFSP: DOC-DDDND-N8R4LJ6HFMULM
IFSP ID: 1355705, ISP: DOC-DDDND-N8R4LJETSMULA
IFSP ID: 1355777, IFSP: DOC-DDDND-N8R4LJJ94MULV
IFSP ID: 1355777, ISP: DOC-DDDND-N8R4LJSJNMUL7
IFSP ID: 1355795, IFSP: DOC-DDDND-N8R4LJVTQMUL7
IFSP ID: 1355795, ISP: DOC-DDDND-N8R4LJY6UMUL8
IFSP ID: 1355833, IFSP: DOC-DDDND-N8R4LK8RXMULK
IFSP ID: 1355833, ISP: DOC-DDDND-N8R4LKB5MMUL5
IFSP ID: 1355835, IFSP: DOC-DDDND-N8R4LKEUWMULC
IFSP ID: 1355835, ISP: DOC-DDDND-N8R4LKH7WMUL9
IFSP ID: 1355839, IFSP: DOC-DDDND-N8R4LKLPLMULA
IFSP ID: 1355839, ISP: DOC-DDDND-N8R4LKUVMMUL
IFSP ID: 1357297, IFSP: DOC-DDDND-N8R4LKYCJMULT
IFSP ID: 1357297, ISP: DOC-DDDND-N8R4LL8CTMULD
IFSP ID: 1356383, IFSP: DOC-DDDND-N8R4LLH5GMUL7
IFSP ID: 1356383, ISP: DOC-DDDND-N8R4LLKHCMULG
IFSP ID: 1356509, IFSP: DOC-DDDND-N8R4LLP6KMULK
IFSP ID: 1356509, ISP: DOC-DDDND-N8R4LLRJ6MULK
IFSP ID: 1356559, IFSP: DOC-DDDND-N8R4LLYJHMULP
IFSP ID: 1356559, ISP: DOC-DDDND-N8R4LM355MUL8
IFSP ID: 1356625, IFSP: DOC-DDDND-N8R4LM6FHMULZ
IFSP ID: 1356625, ISP: DOC-DDDND-N8R4LM8X2MULY
IFSP ID: 1356631, IFSP: DOC-DDDND-N8R4LMC9CMUL6
IFSP ID: 1356631, ISP: DOC-DDDND-N8R4LMENVMUL7
IFSP ID: 1356773, IFSP: DOC-DDDND-N8R4LMPC6MULK
IFSP ID: 1356773, ISP: DOC-DDDND-N8R4LMWDUMUL4
IFSP ID: 1356899, IFSP: DOC-DDDND-N8R4LMZQZMULN
IFSP ID: 1356899, ISP: DOC-DDDND-N8R4LN48JMUL3
IFSP ID: 1356947, IFSP: DOC-DDDND-N8R4LN7RSMULR
IFSP ID: 1356947, ISP: DOC-DDDND-N8R4LNACCMUL6
IFSP ID: 1356999, IFSP: DOC-DDDND-N8R4LNDQFMUL6
IFSP ID: 1356999, ISP: DOC-DDDND-N8R4LNG3LMUL9
IFSP ID: 1357013, IFSP: DOC-DDDND-N8R4LNKD6MUL6
IFSP ID: 1357013, ISP: DOC-DDDND-N8R4LNMTUMULU
IFSP ID: 1357015, IFSP: DOC-DDDND-N8R4LNR89MULJ
IFSP ID: 1357015, ISP: DOC-DDDND-N8R4LNZSKMUL5
IFSP ID: 1357075, IFSP: DOC-DDDND-N8R4LP542MULD
IFSP ID: 1357075, ISP: DOC-DDDND-N8R4LP7DUMULP
IFSP ID: 1357081, IFSP: DOC-DDDND-N8R4LPATXMULP
IFSP ID: 1357081, ISP: DOC-DDDND-N8R4LPDD9MULC
IFSP ID: 1357693, IFSP: DOC-DDDND-N8R4LPGVJMUL3
IFSP ID: 1357693, ISP: DOC-DDDND-N8R4LPKE6MULJ
IFSP ID: 1357695, IFSP: DOC-DDDND-N8R4LPNUFMULQ
IFSP ID: 1357695, ISP: DOC-DDDND-N8R4LPRGGMUL5
IFSP ID: 1357725, IFSP: DOC-DDDND-N8R4LPV8LMULN
IFSP ID: 1357725, ISP: DOC-DDDND-N8R4LPXVNMUL6
IFSP ID: 1357831, IFSP: DOC-DDDND-N8R4LQ3CTMUL8
IFSP ID: 1357831, ISP: DOC-DDDND-N8R4LQ5U9MULJ
IFSP ID: 1357909, IFSP: DOC-DDDND-N8R4LQ96BMULG
IFSP ID: 1357909, ISP: DOC-DDDND-N8R4LQBPRMULE
IFSP ID: 1357933, IFSP: DOC-DDDND-N8R4LQFAVMULW
IFSP ID: 1357933, ISP: DOC-DDDND-N8R4LQHUAMULP
IFSP ID: 1357957, IFSP: DOC-DDDND-N8R4LQMDYMULA
IFSP ID: 1357957, ISP: DOC-DDDND-N8R4LQVYUMULV
IFSP ID: 1358075, IFSP: DOC-DDDND-N8R4LQZFFMULA
IFSP ID: 1358075, ISP: DOC-DDDND-N8R4LR3S5MULW
IFSP ID: 1358079, IFSP: DOC-DDDND-N8R4LR77MMULB
IFSP ID: 1358079, ISP: DOC-DDDND-N8R4LR9GXMULL
IFSP ID: 1358099, IFSP: DOC-DDDND-N8R4LRCV3MULK
IFSP ID: 1358099, ISP: DOC-DDDND-N8R4LRFAEMULB
IFSP ID: 1358119, IFSP: DOC-DDDND-N8R4LRJWMMULF
IFSP ID: 1358119, ISP: DOC-DDDND-N8R4LRMGCMULJ
IFSP ID: 1357351, IFSP: DOC-DDDND-N8R4LRQY5MULP
IFSP ID: 1357351, ISP: DOC-DDDND-N8R4LRTJZMULJ
IFSP ID: 1357511, IFSP: DOC-DDDND-N8R4LRXATMULQ
IFSP ID: 1357511, ISP: DOC-DDDND-N8R4LRZWVMULQ
IFSP ID: 1357597, IFSP: DOC-DDDND-N8R4LS5EEMUL3
IFSP ID: 1357597, ISP: DOC-DDDND-N8R4LS7VWMUL3
IFSP ID: 1357599, IFSP: DOC-DDDND-N8R4LSB6VMULW
IFSP ID: 1357599, ISP: DOC-DDDND-N8R4LSDQDMULA
IFSP ID: 1357657, IFSP: DOC-DDDND-N8R4LSH54MULV
IFSP ID: 1357657, ISP: DOC-DDDND-N8R4LSQGVMULX
IFSP ID: 1358217, IFSP: DOC-DDDND-N8R4LSU8LMULH
IFSP ID: 1358217, ISP: DOC-DDDND-N8R4LT2LEMULL
IFSP ID: 1358437, IFSP: DOC-DDDND-N8R4LT6AAMULU
IFSP ID: 1358437, ISP: DOC-DDDND-N8R4LT8Y2MULJ
IFSP ID: 1358511, IFSP: DOC-DDDND-N8R4LTCS4MULG
IFSP ID: 1358511, ISP: DOC-DDDND-N8R4LTLFRMULE
IFSP ID: 1358533, IFSP: DOC-DDDND-N8R4LTUTXMULT
IFSP ID: 1358533, ISP: DOC-DDDND-N8R4LTX9XMUL8
IFSP ID: 1358537, IFSP: DOC-DDDND-N8R4LU2Q6MULA
IFSP ID: 1358537, ISP: DOC-DDDND-N8R4LUARSMUL8
IFSP ID: 1358625, IFSP: DOC-DDDND-N8R4LUKBLMUL7
IFSP ID: 1358625, ISP: DOC-DDDND-N8R4LUNDPMULQ
IFSP ID: 1358665, IFSP: DOC-DDDND-N8R4LURX6MULH
IFSP ID: 1358665, ISP: DOC-DDDND-N8R4LUUHFMULP
IFSP ID: 1358703, IFSP: DOC-DDDND-N8R4LV4YDMULD
IFSP ID: 1358703, ISP: DOC-DDDND-N8R4LV7EQMULP
IFSP ID: 1358773, IFSP: DOC-DDDND-N8R4LVGNBMULF
IFSP ID: 1358773, ISP: DOC-DDDND-N8R4LVK57MUL7
IFSP ID: 1358803, IFSP: DOC-DDDND-N8R4LVNC7MUL4
IFSP ID: 1358803, ISP: DOC-DDDND-N8R4LVWFHMUL5
IFSP ID: 1358805, IFSP: DOC-DDDND-N8R4LW6KPMUL5
IFSP ID: 1358805, ISP: DOC-DDDND-N8R4LW8WZMULD
IFSP ID: 1358819, IFSP: DOC-DDDND-N8R4LWHJZMUL4
IFSP ID: 1358819, ISP: DOC-DDDND-N8R4LWRQHMULQ
IFSP ID: 1358821, IFSP: DOC-DDDND-N8R4LWUVGMUL4
IFSP ID: 1358821, ISP: DOC-DDDND-N8R4LWX75MULN
IFSP ID: 1359485, IFSP: DOC-DDDND-N8R4LX2T5MULK
IFSP ID: 1359485, ISP: DOC-DDDND-N8R4LXAD4MULS
IFSP ID: 1359629, IFSP: DOC-DDDND-N8R4LXE33MUL5
IFSP ID: 1359629, ISP: DOC-DDDND-N8R4LXMQXMULB
IFSP ID: 1359695, IFSP: DOC-DDDND-N8R4LXRAPMULE
IFSP ID: 1359695, ISP: DOC-DDDND-N8R4LXYCDMULB
IFSP ID: 1359807, IFSP: DOC-DDDND-N8R4LY8VSMUL
IFSP ID: 1359807, ISP: DOC-DDDND-N8R4LYGK7MUL5
IFSP ID: 1359197, IFSP: DOC-DDDND-N8R4LYLAVMUL8
IFSP ID: 1359197, ISP: DOC-DDDND-N8R4LYNWYMULR
IFSP ID: 1359243, IFSP: DOC-DDDND-N8R4LYXL4MULZ
IFSP ID: 1359243, ISP: DOC-DDDND-N8R4LZ7P5MULS
IFSP ID: 1359991, IFSP: DOC-DDDND-N8R4LZBDCMULD
IFSP ID: 1359991, ISP: DOC-DDDND-N8R4LZJD7MULG
IFSP ID: 1360059, IFSP: DOC-DDDND-N8R4LZMU5MULB
IFSP ID: 1360059, ISP: DOC-DDDND-N8R4LZQSSMULE
IFSP ID: 1360261, IFSP: DOC-DDDND-N8R4LZUA6MULL
IFSP ID: 1360261, ISP: DOC-DDDND-N8R4M24EAMULH
IFSP ID: 1360263, IFSP: DOC-DDDND-N8R4M2CPVMULW
IFSP ID: 1360263, ISP: DOC-DDDND-N8R4M2F6ZMULX
IFSP ID: 1360305, IFSP: DOC-DDDND-N8R4M2JKNMULF
IFSP ID: 1360305, ISP: DOC-DDDND-N8R4M2SVFMULW
IFSP ID: 1360323, IFSP: DOC-DDDND-N8R4M2W6UMUL9
IFSP ID: 1360323, ISP: DOC-DDDND-N8R4M34SXMUL6
IFSP ID: 1360385, IFSP: DOC-DDDND-N8R4M386SMULD
IFSP ID: 1360385, ISP: DOC-DDDND-N8R4M3ADPMUL8
IFSP ID: 1360403, IFSP: DOC-DDDND-N8R4M3DXVMULT
IFSP ID: 1360403, ISP: DOC-DDDND-N8R4M3GL3MULC
IFSP ID: 1360411, IFSP: DOC-DDDND-N8R4M3L7JMUL7
IFSP ID: 1360411, ISP: DOC-DDDND-N8R4M3NGJMULM
IFSP ID: 1360441, IFSP: DOC-DDDND-N8R4M3X34MULU
IFSP ID: 1360441, ISP: DOC-DDDND-N8R4M3ZKTMULK
IFSP ID: 1360447, IFSP: DOC-DDDND-N8R4M44BBMULE
IFSP ID: 1360447, ISP: DOC-DDDND-N8R4M4CHDMUL8
IFSP ID: 19860255, IFSP: DOC-DDDND-N8R4M4G7TMULL
IFSP ID: 19860255, ISP: DOC-DDDND-N8R4M4NMMMULN
IFSP ID: 1360629, IFSP: DOC-DDDND-N8R4M4SBSMULP
IFSP ID: 1360629, ISP: DOC-DDDND-N8R4M52DTMULG
IFSP ID: 1360681, IFSP: DOC-DDDND-N8R4M55U2MUL
IFSP ID: 1360681, ISP: DOC-DDDND-N8R4M587QMULP
IFSP ID: 1360759, IFSP: DOC-DDDND-N8R4M5BQ6MULY
IFSP ID: 1360759, ISP: DOC-DDDND-N8R4M5E28MULF
IFSP ID: 1360783, IFSP: DOC-DDDND-N8R4M5NRPMUL7
IFSP ID: 1360783, ISP: DOC-DDDND-N8R4M5RACMULN
IFSP ID: 1361389, IFSP: DOC-DDDND-N8R4M5ZVRMULV
IFSP ID: 1361389, ISP: DOC-DDDND-N8R4M649SMULB
IFSP ID: 1361437, IFSP: DOC-DDDND-N8R4M67VRMUL7
IFSP ID: 1361437, ISP: DOC-DDDND-N8R4M6FSWMUL4
IFSP ID: 1361525, IFSP: DOC-DDDND-N8R4M6KGEMULV
IFSP ID: 1361525, ISP: DOC-DDDND-N8R4M6N55MULZ
IFSP ID: 1361527, IFSP: DOC-DDDND-N8R4M6RWAMUL
IFSP ID: 1361527, ISP: DOC-DDDND-N8R4M6ZPCMULC
IFSP ID: 1361531, IFSP: DOC-DDDND-N8R4M75CWMULU
IFSP ID: 1361531, ISP: DOC-DDDND-N8R4M77UJMULV
IFSP ID: 1361533, IFSP: DOC-DDDND-N8R4M7GW2MUL3
IFSP ID: 1361533, ISP: DOC-DDDND-N8R4M7QTEMULM
IFSP ID: 1361729, IFSP: DOC-DDDND-N8R4M7U9TMULG
IFSP ID: 1361729, ISP: DOC-DDDND-N8R4M7WSSMULD
IFSP ID: 1361749, IFSP: DOC-DDDND-N8R4M86NSMUL5
IFSP ID: 1361749, ISP: DOC-DDDND-N8R4M88X5MULU
IFSP ID: 1360933, IFSP: DOC-DDDND-N8R4M8CKEMULZ
IFSP ID: 1360933, ISP: DOC-DDDND-N8R4M8F8YMUL
IFSP ID: 1360983, IFSP: DOC-DDDND-N8R4M8PL2MUL8
IFSP ID: 1360983, ISP: DOC-DDDND-N8R4M8RXBMULX
IFSP ID: 1361113, IFSP: DOC-DDDND-N8R4M8V8SMULC
IFSP ID: 1361113, ISP: DOC-DDDND-N8R4M8XKCMULS
IFSP ID: 1361117, IFSP: DOC-DDDND-N8R4M92V4MULX
IFSP ID: 1361117, ISP: DOC-DDDND-N8R4M95EMMULE
IFSP ID: 1361185, IFSP: DOC-DDDND-N8R4M993GMULL
IFSP ID: 1361185, ISP: DOC-DDDND-N8R4M9BBEMULG
IFSP ID: 1361793, IFSP: DOC-DDDND-N8R4M9EP7MUL6
IFSP ID: 1361793, ISP: DOC-DDDND-N8R4M9H5ZMULF
IFSP ID: 1361887, IFSP: DOC-DDDND-N8R4M9RHLMULP
IFSP ID: 1361887, ISP: DOC-DDDND-N8R4M9UHSMULT
IFSP ID: 1361889, IFSP: DOC-DDDND-N8R4MA5NWMULN
IFSP ID: 1361889, ISP: DOC-DDDND-N8R4MA86MMUL9
IFSP ID: 1361929, IFSP: DOC-DDDND-N8R4MABHFMULF
IFSP ID: 1361929, ISP: DOC-DDDND-N8R4MADVEMULU
IFSP ID: 1362035, IFSP: DOC-DDDND-N8R4MAH8GMULA
IFSP ID: 1362035, ISP: DOC-DDDND-N8R4MAQTGMULZ
IFSP ID: 1362115, IFSP: DOC-DDDND-N8R4MAYWSMULM
IFSP ID: 1362115, ISP: DOC-DDDND-N8R4MB3FGMULN
IFSP ID: 1362173, IFSP: DOC-DDDND-N8R4MB6UXMULL
IFSP ID: 1362173, ISP: DOC-DDDND-N8R4MBEG7MULJ
IFSP ID: 1362179, IFSP: DOC-DDDND-N8R4MBHR6MULW
IFSP ID: 1362179, ISP: DOC-DDDND-N8R4MBRPSMULA
IFSP ID: 1362199, IFSP: DOC-DDDND-N8R4MBV9SMUL6
IFSP ID: 1362199, ISP: DOC-DDDND-N8R4MC4U3MUL6
IFSP ID: 1362205, IFSP: DOC-DDDND-N8R4MC8CYMULH
IFSP ID: 1362205, ISP: DOC-DDDND-N8R4MCGHXMUL8
IFSP ID: 1362269, IFSP: DOC-DDDND-N8R4MCQR4MULH
IFSP ID: 1362269, ISP: DOC-DDDND-N8R4MCYDLMULA
IFSP ID: 1362317, IFSP: DOC-DDDND-N8R4MD3PZMULM
IFSP ID: 1362317, ISP: DOC-DDDND-N8R4MD5YLMULM
IFSP ID: 1362433, IFSP: DOC-DDDND-N8R4MDF3KMULA
IFSP ID: 1362433, ISP: DOC-DDDND-N8R4MDHKBMULX
IFSP ID: 1362435, IFSP: DOC-DDDND-N8R4MDM7PMUL8
IFSP ID: 1362435, ISP: DOC-DDDND-N8R4MDPMRMUL7
IFSP ID: 1363127, IFSP: DOC-DDDND-N8R4MDT8FMULP
IFSP ID: 1363127, ISP: DOC-DDDND-N8R4ME2VRMULC
IFSP ID: 1363129, IFSP: DOC-DDDND-N8R4ME6BMMULK
IFSP ID: 1363129, ISP: DOC-DDDND-N8R4ME8VGMULB
IFSP ID: 1363145, IFSP: DOC-DDDND-N8R4MEGR3MUL6
IFSP ID: 1363145, ISP: DOC-DDDND-N8R4MEQCTMUL6
IFSP ID: 1363235, IFSP: DOC-DDDND-N8R4MEYS3MUL4
IFSP ID: 1363235, ISP: DOC-DDDND-N8R4MF35HMULX
IFSP ID: 1363243, IFSP: DOC-DDDND-N8R4MFBDAMULY
IFSP ID: 1363243, ISP: DOC-DDDND-N8R4MFDS3MULP
IFSP ID: 1363303, IFSP: DOC-DDDND-N8R4MFHE3MULK
IFSP ID: 1363303, ISP: DOC-DDDND-N8R4MFKS4MULH
IFSP ID: 1363429, IFSP: DOC-DDDND-N8R4MFP8BMULK
IFSP ID: 1363429, ISP: DOC-DDDND-N8R4MFRMPMULX
IFSP ID: 1363431, IFSP: DOC-DDDND-N8R4MFV6HMULK
IFSP ID: 1363431, ISP: DOC-DDDND-N8R4MG4PQMULM
IFSP ID: 1363447, IFSP: DOC-DDDND-N8R4MGCWHMUL4
IFSP ID: 1363447, ISP: DOC-DDDND-N8R4MGFKHMULH
IFSP ID: 1362967, IFSP: DOC-DDDND-N8R4MGK5NMULJ
IFSP ID: 1362967, ISP: DOC-DDDND-N8R4MGST8MULB
IFSP ID: 1363027, IFSP: DOC-DDDND-N8R4MGWM9MUL8
IFSP ID: 1363027, ISP: DOC-DDDND-N8R4MH6SCMUL3
IFSP ID: 1364539, IFSP: DOC-DDDND-N8R4MHF4HMULX
IFSP ID: 1364539, ISP: DOC-DDDND-N8R4MHNMYMULQ
IFSP ID: 1363749, IFSP: DOC-DDDND-N8R4MHS9YMULK
IFSP ID: 1363749, ISP: DOC-DDDND-N8R4MHYMAMUL5
IFSP ID: 1363751, IFSP: DOC-DDDND-N8R4MJ47WMUL5
IFSP ID: 1363751, ISP: DOC-DDDND-N8R4MJAP3MULJ
IFSP ID: 1363783, IFSP: DOC-DDDND-N8R4MJE9UMULR
IFSP ID: 1363783, ISP: DOC-DDDND-N8R4MJNHVMULH
IFSP ID: 1363927, IFSP: DOC-DDDND-N8R4MJWXKMULV
IFSP ID: 1363927, ISP: DOC-DDDND-N8R4MJZAUMUL4
IFSP ID: 1363975, IFSP: DOC-DDDND-N8R4MK4YMMULR
IFSP ID: 1363975, ISP: DOC-DDDND-N8R4MKCLJMULE
IFSP ID: 1364007, IFSP: DOC-DDDND-N8R4MKFW3MULT
IFSP ID: 1364007, ISP: DOC-DDDND-N8R4MKPQKMULJ
IFSP ID: 1364211, IFSP: DOC-DDDND-N8R4MKT5GMULS
IFSP ID: 1364211, ISP: DOC-DDDND-N8R4MKVEAMUL
IFSP ID: 1364411, IFSP: DOC-DDDND-N8R4MKYXRMULY
IFSP ID: 1364411, ISP: DOC-DDDND-N8R4ML8LYMULX
IFSP ID: 1372361, IFSP: DOC-DDDND-N8R4MLCHNMULY
IFSP ID: 1372361, ISP: DOC-DDDND-N8R4MLEZ8MULX
IFSP ID: 1374313, IFSP: DOC-DDDND-N8R4MLJP2MUL4
IFSP ID: 1374313, ISP: DOC-DDDND-N8R4MLM58MULP
IFSP ID: 1374349, IFSP: DOC-DDDND-N8R4MLV34MULS
IFSP ID: 1374349, ISP: DOC-DDDND-N8R4MM4PYMULH
IFSP ID: 1376081, IFSP: DOC-DDDND-N8R4MMD4QMULY
IFSP ID: 1376081, ISP: DOC-DDDND-N8R4MMLMWMULW
IFSP ID: 1376133, IFSP: DOC-DDDND-N8R4MMVXDMULZ
IFSP ID: 1376133, ISP: DOC-DDDND-N8R4MN5PEMULS
IFSP ID: 1378107, IFSP: DOC-DDDND-N8R4MN945MULD
IFSP ID: 1378107, ISP: DOC-DDDND-N8R4MNGJBMULC
IFSP ID: 1376207, IFSP: DOC-DDDND-N8R4MNR22MUL8
IFSP ID: 1376207, ISP: DOC-DDDND-N8R4MNTMHMUL5
IFSP ID: 1378239, IFSP: DOC-DDDND-N8R4MNX7XMULZ
IFSP ID: 1378239, ISP: DOC-DDDND-N8R4MNZFVMULV
IFSP ID: 1374527, IFSP: DOC-DDDND-N8R4MP9PXMULM
IFSP ID: 1374527, ISP: DOC-DDDND-N8R4MPCHCMULV
IFSP ID: 1374543, IFSP: DOC-DDDND-N8R4MPFQ9MUL7
IFSP ID: 1374543, ISP: DOC-DDDND-N8R4MPPRHMULM
IFSP ID: 1374551, IFSP: DOC-DDDND-N8R4MPT6AMULA
IFSP ID: 1374551, ISP: DOC-DDDND-N8R4MPVRQMUL8
IFSP ID: 1376395, IFSP: DOC-DDDND-N8R4MPZL8MULJ
IFSP ID: 1376395, ISP: DOC-DDDND-N8R4MQ3UZMULT
IFSP ID: 1378273, IFSP: DOC-DDDND-N8R4MQ7RHMULM
IFSP ID: 1378273, ISP: DOC-DDDND-N8R4MQALWMULZ
IFSP ID: 1378353, IFSP: DOC-DDDND-N8R4MQE2UMULB
IFSP ID: 1378353, ISP: DOC-DDDND-N8R4MQGJZMULE
IFSP ID: 1378357, IFSP: DOC-DDDND-N8R4MQR63MUL3
IFSP ID: 1378357, ISP: DOC-DDDND-N8R4MQTF9MULP
IFSP ID: 1374611, IFSP: DOC-DDDND-N8R4MQWANMUL
IFSP ID: 1374611, ISP: DOC-DDDND-N8R4MQYKSMULM
IFSP ID: 1374639, IFSP: DOC-DDDND-N8R4MR8WJMUL4
IFSP ID: 1374639, ISP: DOC-DDDND-N8R4MRBC3MULZ
IFSP ID: 1374699, IFSP: DOC-DDDND-N8R4MRET5MULY
IFSP ID: 1374699, ISP: DOC-DDDND-N8R4MRNUKMULN
IFSP ID: 1374701, IFSP: DOC-DDDND-N8R4MRSADMULA
IFSP ID: 1374701, ISP: DOC-DDDND-N8R4MRURQMULM
IFSP ID: 1376435, IFSP: DOC-DDDND-N8R4MS5V5MUL7
IFSP ID: 1376435, ISP: DOC-DDDND-N8R4MS888MULP
IFSP ID: 1376541, IFSP: DOC-DDDND-N8R4MSFS6MULW
IFSP ID: 1376541, ISP: DOC-DDDND-N8R4MSJ72MUL6
IFSP ID: 1379125, IFSP: DOC-DDDND-N8R4MST5CMUL6
IFSP ID: 1379125, ISP: DOC-DDDND-N8R4MT2LXMUL4
IFSP ID: 1379191, IFSP: DOC-DDDND-N8R4MT6CLMUL4
IFSP ID: 1379191, ISP: DOC-DDDND-N8R4MTEJYMUL9
IFSP ID: 1376623, IFSP: DOC-DDDND-N8R4MTJ43MULM
IFSP ID: 1376623, ISP: DOC-DDDND-N8R4MTLL6MULN
IFSP ID: 1376647, IFSP: DOC-DDDND-N8R4MTUVFMULN
IFSP ID: 1376647, ISP: DOC-DDDND-N8R4MTXDUMUL
IFSP ID: 1376683, IFSP: DOC-DDDND-N8R4MU2MJMULL
IFSP ID: 1376683, ISP: DOC-DDDND-N8R4MUANWMULR
IFSP ID: 1376739, IFSP: DOC-DDDND-N8R4MUE2DMUL
IFSP ID: 1376739, ISP: DOC-DDDND-N8R4MUMRVMULU
IFSP ID: 1376767, IFSP: DOC-DDDND-N8R4MUQWEMUL7
IFSP ID: 1376767, ISP: DOC-DDDND-N8R4MUTDJMULR
IFSP ID: 1378621, IFSP: DOC-DDDND-N8R4MUX6BMULV
IFSP ID: 1378621, ISP: DOC-DDDND-N8R4MV6NTMULQ
IFSP ID: 1378679, IFSP: DOC-DDDND-N8R4MVA8NMULW
IFSP ID: 1378679, ISP: DOC-DDDND-N8R4MVGM5MUL6
IFSP ID: 1376839, IFSP: DOC-DDDND-N8R4MVKXUMULT
IFSP ID: 1376839, ISP: DOC-DDDND-N8R4MVTRLMUL9
IFSP ID: 1373189, IFSP: DOC-DDDND-N8R4MVX8HMULH
IFSP ID: 1373189, ISP: DOC-DDDND-N8R4MVZQNMULM
IFSP ID: 1373211, IFSP: DOC-DDDND-N8R4MW5ECMUL6
IFSP ID: 1373211, ISP: DOC-DDDND-N8R4MWCFFMULJ
IFSP ID: 1373279, IFSP: DOC-DDDND-N8R4MWFUWMULG
IFSP ID: 1373279, ISP: DOC-DDDND-N8R4MWJE9MUL5
IFSP ID: 1376943, IFSP: DOC-DDDND-N8R4MWSX7MULS
IFSP ID: 1376943, ISP: DOC-DDDND-N8R4MWZSRMUL7
IFSP ID: 1373371, IFSP: DOC-DDDND-N8R4MX5N7MULF
IFSP ID: 1373371, ISP: DOC-DDDND-N8R4MXDQHMULZ
IFSP ID: 1373385, IFSP: DOC-DDDND-N8R4MXHA2MULW
IFSP ID: 1373385, ISP: DOC-DDDND-N8R4MXQSTMULG
IFSP ID: 1375289, IFSP: DOC-DDDND-N8R4MXUELMUL4
IFSP ID: 1375289, ISP: DOC-DDDND-N8R4MXX3ZMULF
IFSP ID: 1375293, IFSP: DOC-DDDND-N8R4MY7EAMULW
IFSP ID: 1375293, ISP: DOC-DDDND-N8R4MY9WRMULV
IFSP ID: 1377117, IFSP: DOC-DDDND-N8R4MYDADMULB
IFSP ID: 1377117, ISP: DOC-DDDND-N8R4MYLTWMULN
IFSP ID: 1377129, IFSP: DOC-DDDND-N8R4MYQ6JMULL
IFSP ID: 1377129, ISP: DOC-DDDND-N8R4MYSLSMULT
IFSP ID: 1378733, IFSP: DOC-DDDND-N8R4MZ32XMULP
IFSP ID: 1378733, ISP: DOC-DDDND-N8R4MZ5M5MULR
IFSP ID: 1378821, IFSP: DOC-DDDND-N8R4MZES7MUL
IFSP ID: 1378821, ISP: DOC-DDDND-N8R4MZHDDMUL5
IFSP ID: 1378825, IFSP: DOC-DDDND-N8R4MZLT9MULV
IFSP ID: 1378825, ISP: DOC-DDDND-N8R4MZP4WMULG
IFSP ID: 1373511, IFSP: DOC-DDDND-N8R4MZSG9MULN
IFSP ID: 1373511, ISP: DOC-DDDND-N8R4N22P6MULC
IFSP ID: 1375359, IFSP: DOC-DDDND-N8R4N2B3TMULS
IFSP ID: 1375359, ISP: DOC-DDDND-N8R4N2JVJMUL8
IFSP ID: 1375361, IFSP: DOC-DDDND-N8R4N2NMAMULT
IFSP ID: 1375361, ISP: DOC-DDDND-N8R4N2WRNMULF
IFSP ID: 1377173, IFSP: DOC-DDDND-N8R4N32E4MUL8
IFSP ID: 1377173, ISP: DOC-DDDND-N8R4N3AF4MULG
IFSP ID: 1377207, IFSP: DOC-DDDND-N8R4N3DURMULL
IFSP ID: 1377207, ISP: DOC-DDDND-N8R4N3G7RMULH
IFSP ID: 1377209, IFSP: DOC-DDDND-N8R4N3KS7MUL9
IFSP ID: 1377209, ISP: DOC-DDDND-N8R4N3NDYMULH
IFSP ID: 1373531, IFSP: DOC-DDDND-N8R4N3RCNMUL
IFSP ID: 1373531, ISP: DOC-DDDND-N8R4N3YL5MUL9
IFSP ID: 1373563, IFSP: DOC-DDDND-N8R4N43TNMULQ
IFSP ID: 1373563, ISP: DOC-DDDND-N8R4N46HFMULV
IFSP ID: 1373565, IFSP: DOC-DDDND-N8R4N4FF5MULS
IFSP ID: 1373565, ISP: DOC-DDDND-N8R4N4HQZMUL6
IFSP ID: 1373641, IFSP: DOC-DDDND-N8R4N4MEQMULQ
IFSP ID: 1373641, ISP: DOC-DDDND-N8R4N4V32MULP
IFSP ID: 1375479, IFSP: DOC-DDDND-N8R4N54UXMULF
IFSP ID: 1375479, ISP: DOC-DDDND-N8R4N57EUMUL9
IFSP ID: 1377281, IFSP: DOC-DDDND-N8R4N5B59MULG
IFSP ID: 1377281, ISP: DOC-DDDND-N8R4N5DCBMULY
IFSP ID: 1377285, IFSP: DOC-DDDND-N8R4N5GNFMULZ
IFSP ID: 1377285, ISP: DOC-DDDND-N8R4N5QUFMUL7
IFSP ID: 1377291, IFSP: DOC-DDDND-N8R4N5Z2UMULD
IFSP ID: 1377291, ISP: DOC-DDDND-N8R4N67STMUL6
IFSP ID: 1377329, IFSP: DOC-DDDND-N8R4N6BLGMULM
IFSP ID: 1377329, ISP: DOC-DDDND-N8R4N6E2CMULE
IFSP ID: 1378381, IFSP: DOC-DDDND-N8R4N6P25MULU
IFSP ID: 1378381, ISP: DOC-DDDND-N8R4N6WPFMULX
IFSP ID: 1378383, IFSP: DOC-DDDND-N8R4N726YMULW
IFSP ID: 1378383, ISP: DOC-DDDND-N8R4N79TJMULQ
IFSP ID: 1378415, IFSP: DOC-DDDND-N8R4N7CSQMULC
IFSP ID: 1378415, ISP: DOC-DDDND-N8R4N7LR7MULY
IFSP ID: 1375655, IFSP: DOC-DDDND-N8R4N7V45MUL4
IFSP ID: 1375655, ISP: DOC-DDDND-N8R4N7XFPMUL6
IFSP ID: 1378887, IFSP: DOC-DDDND-N8R4N86XKMULA
IFSP ID: 1378887, ISP: DOC-DDDND-N8R4N89ETMULY
IFSP ID: 1373865, IFSP: DOC-DDDND-N8R4N8CYKMULL
IFSP ID: 1373865, ISP: DOC-DDDND-N8R4N8FLNMUL4
IFSP ID: 1375769, IFSP: DOC-DDDND-N8R4N8JYTMULN
IFSP ID: 1375769, ISP: DOC-DDDND-N8R4N8MLCMULJ
IFSP ID: 1375797, IFSP: DOC-DDDND-N8R4N8QV7MULR
IFSP ID: 1375797, ISP: DOC-DDDND-N8R4N8T9PMULQ
IFSP ID: 1377517, IFSP: DOC-DDDND-N8R4N8WEBMUL7
IFSP ID: 1377517, ISP: DOC-DDDND-N8R4N8YPEMUL8
IFSP ID: 1377621, IFSP: DOC-DDDND-N8R4N945PMULF
IFSP ID: 1377621, ISP: DOC-DDDND-N8R4N96EMMULA
IFSP ID: 1373933, IFSP: DOC-DDDND-N8R4N9F43MULE
IFSP ID: 1373933, ISP: DOC-DDDND-N8R4N9HFLMULE
IFSP ID: 1373983, IFSP: DOC-DDDND-N8R4N9LV8MULD
IFSP ID: 1373983, ISP: DOC-DDDND-N8R4N9UGVMULB
IFSP ID: 1373987, IFSP: DOC-DDDND-N8R4NA4RCMULY
IFSP ID: 1373987, ISP: DOC-DDDND-N8R4NA7C6MULP
IFSP ID: 1377689, IFSP: DOC-DDDND-N8R4NABAEMULT
IFSP ID: 1377689, ISP: DOC-DDDND-N8R4NAJXAMULX
IFSP ID: 1377809, IFSP: DOC-DDDND-N8R4NANJAMULT
IFSP ID: 1377809, ISP: DOC-DDDND-N8R4NAWNQMULJ
IFSP ID: 1377813, IFSP: DOC-DDDND-N8R4NB24AMULW
IFSP ID: 1377813, ISP: DOC-DDDND-N8R4NB4EJMULM
